#
# A fatal error has been detected by the Java Runtime Environment:
#
#  SIGSEGV (0xb) at pc=0x00007fec33ef0d5b, pid=4886, tid=140652355868416
#
# JRE version: 6.0_22-b22
# Java VM: OpenJDK 64-Bit Server VM (20.0-b11 mixed mode linux-amd64 compressed oops)
# Derivative: IcedTea6 1.10.2
# Distribution: Ubuntu 11.04, package 6b22-1.10.2-0ubuntu1~11.04.1
# Problematic frame:
# V  [libjvm.so+0x234d5b]  AddPNode::Ideal(PhaseGVN*, bool)+0x3b
#
# If you would like to submit a bug report, please include
# instructions how to reproduce the bug and visit:
#   https://bugs.launchpad.net/ubuntu/+source/openjdk-6/
#

---------------  T H R E A D  ---------------

Current thread (0x00007fec28021000):  JavaThread "C2 CompilerThread0" daemon [_thread_in_native, id=4897, stack(0x00007fec2da55000,0x00007fec2db56000)]

siginfo:si_signo=SIGSEGV: si_errno=0, si_code=1 (SEGV_MAPERR), si_addr=0x0000000000000028

Registers:
RAX=0x00007fec348cfd90, RBX=0x00007fec2db51e80, RCX=0x00007fec28029970, RDX=0x00000000012afff0
RSP=0x00007fec2db512e0, RBP=0x00007fec2db51330, RSI=0x00000000010ee100, RDI=0x00000000012affc0
R8 =0x0000000000000085, R9 =0x0000000000000000, R10=0x0000000000000029, R11=0x00007fec28029a30
R12=0x0000000000000000, R13=0x00000000012affc0, R14=0x00007fec2db527f0, R15=0x0000000000000000
RIP=0x00007fec33ef0d5b, EFLAGS=0x0000000000010202, CSGSFS=0x0000000000000033, ERR=0x0000000000000004
  TRAPNO=0x000000000000000e

Top of Stack: (sp=0x00007fec2db512e0)
0x00007fec2db512e0:   00007fec2db51330 00007fec3437d82b
0x00007fec2db512f0:   00007fec2db51310 00007fec34325167
0x00007fec2db51300:   00007fec2db527f0 00000000012affc0
0x00007fec2db51310:   00007fec2db51e80 000000000000007d
0x00007fec2db51320:   00007fec2db527f0 00007fec2db52868
0x00007fec2db51330:   00007fec2db51370 00007fec34380a51
0x00007fec2db51340:   00000000013c4a50 00007fec2db51e80
0x00007fec2db51350:   00000000012affc0 000000000000007d
0x00007fec2db51360:   00007fec2db53fb0 00007fec2db52868
0x00007fec2db51370:   00007fec2db513c0 00007fec3437e98c
0x00007fec2db51380:   00000000013c48c0 00007fec2db52848
0x00007fec2db51390:   00007fec2db513c0 0000000000000000
0x00007fec2db513a0:   00007fec2db53290 00007fec2db53fb0
0x00007fec2db513b0:   00000000010def10 fffffffffffffff8
0x00007fec2db513c0:   00007fec2db51410 00007fec342c4a20
0x00007fec2db513d0:   00007fec00000080 00000000013b2cb0
0x00007fec2db513e0:   00000000000008f9 00007fec280218f0
0x00007fec2db513f0:   00007fec2db53fb0 0000000001108fd0
0x00007fec2db51400:   0000000001110fb8 000000000110fef0
0x00007fec2db51410:   00007fec2db53360 00007fec3404ea94
0x00007fec2db51420:   00007fec2db51450 00007fec2db51a10
0x00007fec2db51430:   00007fec2db51a10 00007fec34872150
0x00007fec2db51440:   00007fec348bb650 0000000134883090
0x00007fec2db51450:   00007fec00000001 00007fec2db52890
0x00007fec2db51460:   00007fec2db53290 0000002800000002
0x00007fec2db51470:   00007fec34881fb0 00007fec00000004
0x00007fec2db51480:   00007fec2db53fb0 00007fec2db540d8
0x00007fec2db51490:   00007fec2db540d8 0000001a00001000
0x00007fec2db514a0:   00000000012a4290 00007fec2db540d8
0x00007fec2db514b0:   0000000000001000 00000000010ee100
0x00007fec2db514c0:   0000000000000000 0000000000000000
0x00007fec2db514d0:   0000000000000000 0000000000000000 

Instructions: (pc=0x00007fec33ef0d5b)
0x00007fec33ef0d3b:   89 75 f0 48 83 ec 50 48 8b 57 08 48 8b 05 bb b9
0x00007fec33ef0d4b:   99 00 48 8b 76 48 49 89 fd 4c 8b 62 10 48 8b 08
0x00007fec33ef0d5b:   41 8b 44 24 28 48 3b 0c c6 74 68 41 0f b7 44 24
0x00007fec33ef0d6b:   2c 25 ff 03 00 00 3d 00 02 00 00 0f 84 dc 00 00 

Register to memory mapping:

RAX=0x00007fec348cfd90: <offset 0xc13d90> in /usr/lib/jvm/java-6-openjdk/jre/lib/amd64/server/libjvm.so at 0x00007fec33cbc000
RBX=0x00007fec2db51e80 is pointing into the stack for thread: 0x00007fec28021000
RCX=0x00007fec28029970 is an unknown value
RDX=0x00000000012afff0 is an unknown value
RSP=0x00007fec2db512e0 is pointing into the stack for thread: 0x00007fec28021000
RBP=0x00007fec2db51330 is pointing into the stack for thread: 0x00007fec28021000
RSI=0x00000000010ee100 is an unknown value
RDI=0x00000000012affc0 is an unknown value
R8 =0x0000000000000085 is an unknown value
R9 =0x0000000000000000 is an unknown value
R10=0x0000000000000029 is an unknown value
R11=0x00007fec28029a30 is an unknown value
R12=0x0000000000000000 is an unknown value
R13=0x00000000012affc0 is an unknown value
R14=0x00007fec2db527f0 is pointing into the stack for thread: 0x00007fec28021000
R15=0x0000000000000000 is an unknown value


Stack: [0x00007fec2da55000,0x00007fec2db56000],  sp=0x00007fec2db512e0,  free space=1008k
Native frames: (J=compiled Java code, j=interpreted, Vv=VM code, C=native code)
V  [libjvm.so+0x234d5b]  AddPNode::Ideal(PhaseGVN*, bool)+0x3b
V  [libjvm.so+0x6c4a51]  PhaseIterGVN::transform_old(Node*)+0x41
V  [libjvm.so+0x6c298c]  PhaseIterGVN::optimize()+0x12c
V  [libjvm.so+0x608a20]  PhaseMacroExpand::expand_macro_nodes()+0x170
V  [libjvm.so+0x392a94]  Compile::Optimize()+0xea4
V  [libjvm.so+0x393649]  Compile::Compile(ciEnv*, C2Compiler*, ciMethod*, int, bool, bool)+0xae9
V  [libjvm.so+0x319a20]  C2Compiler::compile_method(ciEnv*, ciMethod*, int)+0xe0
V  [libjvm.so+0x397f24]  CompileBroker::invoke_compiler_on_method(CompileTask*)+0x294
V  [libjvm.so+0x398771]  CompileBroker::compiler_thread_loop()+0x381
V  [libjvm.so+0x793618]  JavaThread::thread_main_inner()+0x58
V  [libjvm.so+0x686c02]  java_start(Thread*)+0x112


Current CompileTask:
C2:    587  77      com.sun.tools.javac.file.ZipFileIndex$ZipDirectory.buildIndex()V (204 bytes)


---------------  P R O C E S S  ---------------

Java Threads: ( => current thread )
  0x00007fec28027000 JavaThread "Low Memory Detector" daemon [_thread_blocked, id=4899, stack(0x00007fec2d853000,0x00007fec2d954000)]
  0x00007fec28024800 JavaThread "C2 CompilerThread1" daemon [_thread_in_native, id=4898, stack(0x00007fec2d954000,0x00007fec2da55000)]
=>0x00007fec28021000 JavaThread "C2 CompilerThread0" daemon [_thread_in_native, id=4897, stack(0x00007fec2da55000,0x00007fec2db56000)]
  0x00007fec2801f800 JavaThread "Signal Dispatcher" daemon [_thread_blocked, id=4896, stack(0x00007fec2db56000,0x00007fec2dc57000)]
  0x00007fec28001000 JavaThread "Finalizer" daemon [_thread_blocked, id=4894, stack(0x00007fec2e2e1000,0x00007fec2e3e2000)]
  0x0000000000fd0000 JavaThread "Reference Handler" daemon [_thread_blocked, id=4893, stack(0x00007fec2e3e2000,0x00007fec2e4e3000)]
  0x0000000000f61800 JavaThread "main" [_thread_in_vm, id=4887, stack(0x00007fec355a2000,0x00007fec356a3000)]

Other Threads:
  0x0000000000fc9000 VMThread [stack: 0x00007fec2e4e3000,0x00007fec2e5e4000] [id=4892]
  0x00007fec28031800 WatcherThread [stack: 0x00007fec2d752000,0x00007fec2d853000] [id=4900]

VM state:not at safepoint (normal execution)

VM Mutex/Monitor currently owned by a thread: None

Heap
 PSYoungGen      total 6656K, used 3130K [0x00000000ec600000, 0x00000000ecd00000, 0x0000000100000000)
  eden space 6144K, 50% used [0x00000000ec600000,0x00000000ec90eb40,0x00000000ecc00000)
  from space 512K, 0% used [0x00000000ecc80000,0x00000000ecc80000,0x00000000ecd00000)
  to   space 512K, 0% used [0x00000000ecc00000,0x00000000ecc00000,0x00000000ecc80000)
 PSOldGen        total 11776K, used 4120K [0x00000000c5200000, 0x00000000c5d80000, 0x00000000ec600000)
  object space 11776K, 34% used [0x00000000c5200000,0x00000000c5606108,0x00000000c5d80000)
 PSPermGen       total 21248K, used 7296K [0x00000000bac00000, 0x00000000bc0c0000, 0x00000000c5200000)
  object space 21248K, 34% used [0x00000000bac00000,0x00000000bb320380,0x00000000bc0c0000)

Code Cache  [0x00007fec2f490000, 0x00007fec2f700000, 0x00007fec32490000)
 total_blobs=286 nmethods=79 adapters=161 free_code_cache=49780480 largest_free_block=15040

Dynamic libraries:
00400000-00409000 r-xp 00000000 08:05 1062177                            /usr/lib/jvm/java-6-openjdk/bin/javac
00608000-00609000 r--p 00008000 08:05 1062177                            /usr/lib/jvm/java-6-openjdk/bin/javac
00609000-0060a000 rw-p 00009000 08:05 1062177                            /usr/lib/jvm/java-6-openjdk/bin/javac
00f57000-01664000 rw-p 00000000 00:00 0                                  [heap]
bac00000-bc0c0000 rw-p 00000000 00:00 0 
bc0c0000-c5200000 rw-p 00000000 00:00 0 
c5200000-c5d80000 rw-p 00000000 00:00 0 
c5d80000-ec600000 rw-p 00000000 00:00 0 
ec600000-ecd00000 rw-p 00000000 00:00 0 
ecd00000-100000000 rw-p 00000000 00:00 0 
7fec28000000-7fec28971000 rw-p 00000000 00:00 0 
7fec28971000-7fec2c000000 ---p 00000000 00:00 0 
7fec2d6e4000-7fec2d6e8000 r--s 0007c000 08:05 1061375                    /usr/lib/jvm/java-6-openjdk/jre/lib/jsse.jar
7fec2d6e8000-7fec2d747000 r--s 00d91000 08:05 1062194                    /usr/lib/jvm/java-6-openjdk/lib/tools.jar
7fec2d747000-7fec2d74f000 r--s 00066000 08:05 1455760                    /usr/share/java/gnome-java-bridge.jar
7fec2d74f000-7fec2d752000 r--s 0000f000 08:05 1061404                    /usr/lib/jvm/java-6-openjdk/jre/lib/ext/pulse-java.jar
7fec2d752000-7fec2d753000 ---p 00000000 00:00 0 
7fec2d753000-7fec2d853000 rw-p 00000000 00:00 0 
7fec2d853000-7fec2d856000 ---p 00000000 00:00 0 
7fec2d856000-7fec2d954000 rw-p 00000000 00:00 0 
7fec2d954000-7fec2d957000 ---p 00000000 00:00 0 
7fec2d957000-7fec2da55000 rw-p 00000000 00:00 0 
7fec2da55000-7fec2da58000 ---p 00000000 00:00 0 
7fec2da58000-7fec2db56000 rw-p 00000000 00:00 0 
7fec2db56000-7fec2db59000 ---p 00000000 00:00 0 
7fec2db59000-7fec2dc57000 rw-p 00000000 00:00 0 
7fec2dc57000-7fec2e2e1000 r--p 00000000 08:05 1055996                    /usr/lib/locale/locale-archive
7fec2e2e1000-7fec2e2e4000 ---p 00000000 00:00 0 
7fec2e2e4000-7fec2e3e2000 rw-p 00000000 00:00 0 
7fec2e3e2000-7fec2e3e5000 ---p 00000000 00:00 0 
7fec2e3e5000-7fec2e4e3000 rw-p 00000000 00:00 0 
7fec2e4e3000-7fec2e4e4000 ---p 00000000 00:00 0 
7fec2e4e4000-7fec2eb1c000 rw-p 00000000 00:00 0 
7fec2eb1c000-7fec2ecac000 r--s 037af000 08:05 1061945                    /usr/lib/jvm/java-6-openjdk/jre/lib/rt.jar
7fec2ecac000-7fec2ecd4000 rw-p 00000000 00:00 0 
7fec2ecd4000-7fec2ecd5000 ---p 00000000 00:00 0 
7fec2ecd5000-7fec2edd5000 rw-p 00000000 00:00 0 
7fec2edd5000-7fec2edd6000 ---p 00000000 00:00 0 
7fec2edd6000-7fec2eed6000 rw-p 00000000 00:00 0 
7fec2eed6000-7fec2eed7000 ---p 00000000 00:00 0 
7fec2eed7000-7fec2efd7000 rw-p 00000000 00:00 0 
7fec2efd7000-7fec2efd8000 ---p 00000000 00:00 0 
7fec2efd8000-7fec2f0e3000 rw-p 00000000 00:00 0 
7fec2f0e3000-7fec2f12b000 rw-p 00000000 00:00 0 
7fec2f12b000-7fec2f131000 rw-p 00000000 00:00 0 
7fec2f131000-7fec2f265000 rw-p 00000000 00:00 0 
7fec2f265000-7fec2f270000 rw-p 00000000 00:00 0 
7fec2f270000-7fec2f2b8000 rw-p 00000000 00:00 0 
7fec2f2b8000-7fec2f2be000 rw-p 00000000 00:00 0 
7fec2f2be000-7fec2f3f2000 rw-p 00000000 00:00 0 
7fec2f3f2000-7fec2f3f6000 rw-p 00000000 00:00 0 
7fec2f3f6000-7fec2f48f000 rw-p 00000000 00:00 0 
7fec2f48f000-7fec2f490000 rw-p 00000000 00:00 0 
7fec2f490000-7fec2f700000 rwxp 00000000 00:00 0 
7fec2f700000-7fec32490000 rw-p 00000000 00:00 0 
7fec32490000-7fec32497000 r-xp 00000000 08:05 1061929                    /usr/lib/jvm/java-6-openjdk/jre/lib/amd64/libzip.so
7fec32497000-7fec32696000 ---p 00007000 08:05 1061929                    /usr/lib/jvm/java-6-openjdk/jre/lib/amd64/libzip.so
7fec32696000-7fec32697000 r--p 00006000 08:05 1061929                    /usr/lib/jvm/java-6-openjdk/jre/lib/amd64/libzip.so
7fec32697000-7fec32698000 rw-p 00007000 08:05 1061929                    /usr/lib/jvm/java-6-openjdk/jre/lib/amd64/libzip.so
7fec32698000-7fec326a4000 r-xp 00000000 08:05 790325                     /lib/x86_64-linux-gnu/libnss_files-2.13.so
7fec326a4000-7fec328a3000 ---p 0000c000 08:05 790325                     /lib/x86_64-linux-gnu/libnss_files-2.13.so
7fec328a3000-7fec328a4000 r--p 0000b000 08:05 790325                     /lib/x86_64-linux-gnu/libnss_files-2.13.so
7fec328a4000-7fec328a5000 rw-p 0000c000 08:05 790325                     /lib/x86_64-linux-gnu/libnss_files-2.13.so
7fec328a5000-7fec328b0000 r-xp 00000000 08:05 790329                     /lib/x86_64-linux-gnu/libnss_nis-2.13.so
7fec328b0000-7fec32aaf000 ---p 0000b000 08:05 790329                     /lib/x86_64-linux-gnu/libnss_nis-2.13.so
7fec32aaf000-7fec32ab0000 r--p 0000a000 08:05 790329                     /lib/x86_64-linux-gnu/libnss_nis-2.13.so
7fec32ab0000-7fec32ab1000 rw-p 0000b000 08:05 790329                     /lib/x86_64-linux-gnu/libnss_nis-2.13.so
7fec32ab1000-7fec32ab9000 r-xp 00000000 08:05 790321                     /lib/x86_64-linux-gnu/libnss_compat-2.13.so
7fec32ab9000-7fec32cb8000 ---p 00008000 08:05 790321                     /lib/x86_64-linux-gnu/libnss_compat-2.13.so
7fec32cb8000-7fec32cb9000 r--p 00007000 08:05 790321                     /lib/x86_64-linux-gnu/libnss_compat-2.13.so
7fec32cb9000-7fec32cba000 rw-p 00008000 08:05 790321                     /lib/x86_64-linux-gnu/libnss_compat-2.13.so
7fec32cba000-7fec32cd1000 r-xp 00000000 08:05 790319                     /lib/x86_64-linux-gnu/libnsl-2.13.so
7fec32cd1000-7fec32ed0000 ---p 00017000 08:05 790319                     /lib/x86_64-linux-gnu/libnsl-2.13.so
7fec32ed0000-7fec32ed1000 r--p 00016000 08:05 790319                     /lib/x86_64-linux-gnu/libnsl-2.13.so
7fec32ed1000-7fec32ed2000 rw-p 00017000 08:05 790319                     /lib/x86_64-linux-gnu/libnsl-2.13.so
7fec32ed2000-7fec32ed4000 rw-p 00000000 00:00 0 
7fec32ed4000-7fec32f00000 r-xp 00000000 08:05 1061928                    /usr/lib/jvm/java-6-openjdk/jre/lib/amd64/libjava.so
7fec32f00000-7fec330ff000 ---p 0002c000 08:05 1061928                    /usr/lib/jvm/java-6-openjdk/jre/lib/amd64/libjava.so
7fec330ff000-7fec33100000 r--p 0002b000 08:05 1061928                    /usr/lib/jvm/java-6-openjdk/jre/lib/amd64/libjava.so
7fec33100000-7fec33103000 rw-p 0002c000 08:05 1061928                    /usr/lib/jvm/java-6-openjdk/jre/lib/amd64/libjava.so
7fec33103000-7fec33111000 r-xp 00000000 08:05 1061914                    /usr/lib/jvm/java-6-openjdk/jre/lib/amd64/libverify.so
7fec33111000-7fec33310000 ---p 0000e000 08:05 1061914                    /usr/lib/jvm/java-6-openjdk/jre/lib/amd64/libverify.so
7fec33310000-7fec33312000 r--p 0000d000 08:05 1061914                    /usr/lib/jvm/java-6-openjdk/jre/lib/amd64/libverify.so
7fec33312000-7fec33313000 rw-p 0000f000 08:05 1061914                    /usr/lib/jvm/java-6-openjdk/jre/lib/amd64/libverify.so
7fec33313000-7fec3331a000 r-xp 00000000 08:05 790348                     /lib/x86_64-linux-gnu/librt-2.13.so
7fec3331a000-7fec33519000 ---p 00007000 08:05 790348                     /lib/x86_64-linux-gnu/librt-2.13.so
7fec33519000-7fec3351a000 r--p 00006000 08:05 790348                     /lib/x86_64-linux-gnu/librt-2.13.so
7fec3351a000-7fec3351b000 rw-p 00007000 08:05 790348                     /lib/x86_64-linux-gnu/librt-2.13.so
7fec3351b000-7fec33530000 r-xp 00000000 08:05 790307                     /lib/x86_64-linux-gnu/libgcc_s.so.1
7fec33530000-7fec3372f000 ---p 00015000 08:05 790307                     /lib/x86_64-linux-gnu/libgcc_s.so.1
7fec3372f000-7fec33730000 r--p 00014000 08:05 790307                     /lib/x86_64-linux-gnu/libgcc_s.so.1
7fec33730000-7fec33731000 rw-p 00015000 08:05 790307                     /lib/x86_64-linux-gnu/libgcc_s.so.1
7fec33731000-7fec337b5000 r-xp 00000000 08:05 790316                     /lib/x86_64-linux-gnu/libm-2.13.so
7fec337b5000-7fec339b4000 ---p 00084000 08:05 790316                     /lib/x86_64-linux-gnu/libm-2.13.so
7fec339b4000-7fec339b5000 r--p 00083000 08:05 790316                     /lib/x86_64-linux-gnu/libm-2.13.so
7fec339b5000-7fec339b6000 rw-p 00084000 08:05 790316                     /lib/x86_64-linux-gnu/libm-2.13.so
7fec339b6000-7fec33a9e000 r-xp 00000000 08:05 1057605                    /usr/lib/x86_64-linux-gnu/libstdc++.so.6.0.14
7fec33a9e000-7fec33c9d000 ---p 000e8000 08:05 1057605                    /usr/lib/x86_64-linux-gnu/libstdc++.so.6.0.14
7fec33c9d000-7fec33ca5000 r--p 000e7000 08:05 1057605                    /usr/lib/x86_64-linux-gnu/libstdc++.so.6.0.14
7fec33ca5000-7fec33ca7000 rw-p 000ef000 08:05 1057605                    /usr/lib/x86_64-linux-gnu/libstdc++.so.6.0.14
7fec33ca7000-7fec33cbc000 rw-p 00000000 00:00 0 
7fec33cbc000-7fec34611000 r-xp 00000000 08:05 1061932                    /usr/lib/jvm/java-6-openjdk/jre/lib/amd64/server/libjvm.so
7fec34611000-7fec34810000 ---p 00955000 08:05 1061932                    /usr/lib/jvm/java-6-openjdk/jre/lib/amd64/server/libjvm.so
7fec34810000-7fec34891000 r--p 00954000 08:05 1061932                    /usr/lib/jvm/java-6-openjdk/jre/lib/amd64/server/libjvm.so
7fec34891000-7fec348ac000 rw-p 009d5000 08:05 1061932                    /usr/lib/jvm/java-6-openjdk/jre/lib/amd64/server/libjvm.so
7fec348ac000-7fec348d5000 rw-p 00000000 00:00 0 
7fec348d5000-7fec34a5f000 r-xp 00000000 08:05 790279                     /lib/x86_64-linux-gnu/libc-2.13.so
7fec34a5f000-7fec34c5e000 ---p 0018a000 08:05 790279                     /lib/x86_64-linux-gnu/libc-2.13.so
7fec34c5e000-7fec34c62000 r--p 00189000 08:05 790279                     /lib/x86_64-linux-gnu/libc-2.13.so
7fec34c62000-7fec34c63000 rw-p 0018d000 08:05 790279                     /lib/x86_64-linux-gnu/libc-2.13.so
7fec34c63000-7fec34c69000 rw-p 00000000 00:00 0 
7fec34c69000-7fec34c6b000 r-xp 00000000 08:05 790289                     /lib/x86_64-linux-gnu/libdl-2.13.so
7fec34c6b000-7fec34e6b000 ---p 00002000 08:05 790289                     /lib/x86_64-linux-gnu/libdl-2.13.so
7fec34e6b000-7fec34e6c000 r--p 00002000 08:05 790289                     /lib/x86_64-linux-gnu/libdl-2.13.so
7fec34e6c000-7fec34e6d000 rw-p 00003000 08:05 790289                     /lib/x86_64-linux-gnu/libdl-2.13.so
7fec34e6d000-7fec34e71000 r-xp 00000000 08:05 1061912                    /usr/lib/jvm/java-6-openjdk/jre/lib/amd64/jli/libjli.so
7fec34e71000-7fec35070000 ---p 00004000 08:05 1061912                    /usr/lib/jvm/java-6-openjdk/jre/lib/amd64/jli/libjli.so
7fec35070000-7fec35071000 r--p 00003000 08:05 1061912                    /usr/lib/jvm/java-6-openjdk/jre/lib/amd64/jli/libjli.so
7fec35071000-7fec35072000 rw-p 00004000 08:05 1061912                    /usr/lib/jvm/java-6-openjdk/jre/lib/amd64/jli/libjli.so
7fec35072000-7fec3508a000 r-xp 00000000 08:05 790344                     /lib/x86_64-linux-gnu/libpthread-2.13.so
7fec3508a000-7fec3528a000 ---p 00018000 08:05 790344                     /lib/x86_64-linux-gnu/libpthread-2.13.so
7fec3528a000-7fec3528b000 r--p 00018000 08:05 790344                     /lib/x86_64-linux-gnu/libpthread-2.13.so
7fec3528b000-7fec3528c000 rw-p 00019000 08:05 790344                     /lib/x86_64-linux-gnu/libpthread-2.13.so
7fec3528c000-7fec35290000 rw-p 00000000 00:00 0 
7fec35290000-7fec352a7000 r-xp 00000000 08:05 790362                     /lib/x86_64-linux-gnu/libz.so.1.2.3.4
7fec352a7000-7fec354a6000 ---p 00017000 08:05 790362                     /lib/x86_64-linux-gnu/libz.so.1.2.3.4
7fec354a6000-7fec354a7000 r--p 00016000 08:05 790362                     /lib/x86_64-linux-gnu/libz.so.1.2.3.4
7fec354a7000-7fec354a8000 rw-p 00017000 08:05 790362                     /lib/x86_64-linux-gnu/libz.so.1.2.3.4
7fec354a8000-7fec354c9000 r-xp 00000000 08:05 790266                     /lib/x86_64-linux-gnu/ld-2.13.so
7fec354e2000-7fec354ec000 rw-p 00000000 00:00 0 
7fec354ec000-7fec355a2000 rw-p 00000000 00:00 0 
7fec355a2000-7fec355a5000 ---p 00000000 00:00 0 
7fec355a5000-7fec356a8000 rw-p 00000000 00:00 0 
7fec356bc000-7fec356c4000 rw-s 00000000 08:05 3014743                    /tmp/hsperfdata_anuj/4886
7fec356c4000-7fec356c5000 rw-p 00000000 00:00 0 
7fec356c5000-7fec356c6000 r--p 00000000 00:00 0 
7fec356c6000-7fec356c8000 rw-p 00000000 00:00 0 
7fec356c8000-7fec356c9000 r--p 00020000 08:05 790266                     /lib/x86_64-linux-gnu/ld-2.13.so
7fec356c9000-7fec356cb000 rw-p 00021000 08:05 790266                     /lib/x86_64-linux-gnu/ld-2.13.so
7fffb67fc000-7fffb681d000 rw-p 00000000 00:00 0                          [stack]
7fffb69f9000-7fffb69fa000 r-xp 00000000 00:00 0                          [vdso]
ffffffffff600000-ffffffffff601000 r-xp 00000000 00:00 0                  [vsyscall]

VM Arguments:
jvm_args: -Dapplication.home=/usr/lib/jvm/java-6-openjdk -Xms8m 
java_command: com.sun.tools.javac.Main exp1.java
Launcher Type: SUN_STANDARD

Environment Variables:
PATH=/usr/local/sbin:/usr/local/bin:/usr/sbin:/usr/bin:/sbin:/bin:/usr/games
USERNAME=anuj
LD_LIBRARY_PATH=/usr/lib/jvm/java-6-openjdk/jre/lib/amd64/server:/usr/lib/jvm/java-6-openjdk/jre/lib/amd64:/usr/lib/jvm/java-6-openjdk/jre/../lib/amd64
SHELL=/bin/bash
DISPLAY=:0.0

Signal Handlers:
SIGSEGV: [libjvm.so+0x7d0f60], sa_mask[0]=0x7ffbfeff, sa_flags=0x10000004
SIGBUS: [libjvm.so+0x7d0f60], sa_mask[0]=0x7ffbfeff, sa_flags=0x10000004
SIGFPE: [libjvm.so+0x683760], sa_mask[0]=0x7ffbfeff, sa_flags=0x10000004
SIGPIPE: [libjvm.so+0x683760], sa_mask[0]=0x7ffbfeff, sa_flags=0x10000004
SIGXFSZ: [libjvm.so+0x683760], sa_mask[0]=0x7ffbfeff, sa_flags=0x10000004
SIGILL: [libjvm.so+0x683760], sa_mask[0]=0x7ffbfeff, sa_flags=0x10000004
SIGUSR1: SIG_DFL, sa_mask[0]=0x00000000, sa_flags=0x00000000
SIGUSR2: [libjvm.so+0x683930], sa_mask[0]=0x00000000, sa_flags=0x10000004
SIGHUP: [libjvm.so+0x6862d0], sa_mask[0]=0x7ffbfeff, sa_flags=0x10000004
SIGINT: [libjvm.so+0x6862d0], sa_mask[0]=0x7ffbfeff, sa_flags=0x10000004
SIGTERM: [libjvm.so+0x6862d0], sa_mask[0]=0x7ffbfeff, sa_flags=0x10000004
SIGQUIT: [libjvm.so+0x6862d0], sa_mask[0]=0x7ffbfeff, sa_flags=0x10000004


---------------  S Y S T E M  ---------------

OS:Ubuntu 11.04 (natty)
uname:Linux 2.6.38-8-generic #42-Ubuntu SMP Mon Apr 11 03:31:24 UTC 2011 x86_64
libc:glibc 2.13 NPTL 2.13 
rlimit: STACK 8192k, CORE 0k, NPROC infinity, NOFILE 4096, AS infinity
load average:1.16 1.08 1.08

/proc/meminfo:
MemTotal:        3853384 kB
MemFree:          103656 kB
Buffers:         1208692 kB
Cached:          1589956 kB
SwapCached:            0 kB
Active:           782976 kB
Inactive:        2715488 kB
Active(anon):     563660 kB
Inactive(anon):   235584 kB
Active(file):     219316 kB
Inactive(file):  2479904 kB
Unevictable:           0 kB
Mlocked:               0 kB
SwapTotal:       3903484 kB
SwapFree:        3903484 kB
Dirty:               308 kB
Writeback:             0 kB
AnonPages:        700120 kB
Mapped:           119236 kB
Shmem:             99428 kB
Slab:             102600 kB
SReclaimable:      78996 kB
SUnreclaim:        23604 kB
KernelStack:        2816 kB
PageTables:        24800 kB
NFS_Unstable:          0 kB
Bounce:                0 kB
WritebackTmp:          0 kB
CommitLimit:     5830176 kB
Committed_AS:    2397604 kB
VmallocTotal:   34359738367 kB
VmallocUsed:      572324 kB
VmallocChunk:   34359148612 kB
HardwareCorrupted:     0 kB
HugePages_Total:       0
HugePages_Free:        0
HugePages_Rsvd:        0
HugePages_Surp:        0
Hugepagesize:       2048 kB
DirectMap4k:       59392 kB
DirectMap2M:     3930112 kB


CPU:total 4 (2 cores per cpu, 2 threads per core) family 6 model 37 stepping 5, cmov, cx8, fxsr, mmx, sse, sse2, sse3, ssse3, sse4.1, sse4.2, popcnt, ht

Memory: 4k page, physical 3853384k(103656k free), swap 3903484k(3903484k free)

vm_info: OpenJDK 64-Bit Server VM (20.0-b11) for linux-amd64 JRE (1.6.0_22-b22), built on Jun 11 2011 05:56:16 by "buildd" with gcc 4.5.2

time: Thu Oct  6 23:09:21 2011
elapsed time: 0 seconds

